15.00
151.00
152.00
152.00
151.30
151.00
151.00
151.00
151.00
151.00
151.00
151.00
151.00
151.00
151.00
151.00
151.00
151.00
152.00
152.00
151.30
151.00
151.00
151.00
151.00
151.00
151.00
151.00
151.00
151.00
151.00
151.00
151.00
151.00
154.80
155.00
155.00
154.80
154.80
154.70
154.30
154.50
154.30
154.20
154.10
154.00
153.90
153.50
153.60
152.80
152.50
152.30
151.90
151.30
151.10
150.70
150.30
150.00
149.90
149.30
149.20
149.30
149.00
148.30
148.10
147.40
147.20
146.30
146.20
146.00
146.00
145.60
145.40
144.80
144.70
145.00
145.50
145.80
146.70
146.90
147.10
147.40
147.20
146.90
146.50
146.10
145.30
144.80
144.20
143.80
143.60
143.50
143.60
143.80
143.90
144.00
143.70
143.30
143.30
143.30
143.20
142.90
142.80
142.80
142.70
142.50
142.40
141.50
140.50
139.60
138.30
137.10
135.40
133.90
132.60
131.20
130.10
128.90
128.20
127.10
126.20
125.30
124.50
123.50
123.00
122.70
122.10
122.00
122.60
123.10
123.20
122.40
121.30
119.50
117.40
115.30
113.40
111.90
111.20
110.90
110.80
111.10
111.30
112.30
114.10
115.80
116.80
117.30
117.90
118.00
117.60
117.40
116.30
115.30
114.90
115.00
114.20
113.50
113.00
112.90
113.10
113.10
113.20
113.90
114.50
115.10
115.90
116.50
117.00
117.80
117.90
118.50
118.80
119.10
119.00
118.50
117.00
115.50
114.30
113.40
112.70
112.20
111.40
110.80
111.10
111.80
112.10
113.20
114.30
115.80
116.20
116.60
117.00
117.50
117.60
117.80
117.90
117.90
118.30
118.30
118.40
118.40
118.20
118.10
118.20
118.10
118.20
118.10
118.00
118.30
118.60
118.80
118.70
118.80
118.70
118.60
118.50
118.00
118.20
118.30
119.00
119.00
119.60
120.10
120.40
120.80
121.10
121.20
121.50
121.80
122.00
122.40
122.70
123.10
123.40
123.90
124.00
124.20
124.60
124.90
125.10
125.00
125.50
126.00
126.30
126.50
127.00
126.90
127.20
127.70
128.10
128.10
128.20
128.20
128.00
128.20
128.00
128.20
128.00
128.40
128.40
128.70
128.60
128.80
129.10
129.20
129.50
129.60
130.00
130.10
130.10
130.60
130.90
131.30
131.50
131.60
131.60
131.20
131.30
131.80
132.00
132.20
132.00
132.10
132.30
132.70
133.10
132.90
133.10
133.30
133.40
133.50
133.90
134.20
134.80
134.80
135.40
135.60
135.90
136.00
136.30
136.50
136.90
137.00
137.40
137.60
138.00
138.40
138.60
139.00
139.30
139.70
140.10
140.20
140.50
140.50
140.70
140.60
140.50
140.60
140.70
140.70
141.00
140.80
141.10
141.10
141.30
141.40
141.60
141.60
141.50
141.70
141.60
142.00
141.90
142.00
141.90
142.00
141.90
142.10
142.10
142.20
142.30
142.30
142.20
142.60
142.70
142.80
143.00
143.00
143.10
143.40
143.40
143.30
143.50
143.80
143.90
144.00
143.90
144.10
144.30
144.70
144.80
145.00
145.20
145.30
145.10
145.20
145.70
145.90
146.00
145.90
146.00
146.00
146.30
147.00
147.10
147.40
147.80
148.10
147.80
148.00
148.10
148.10
148.20
148.20
148.20
148.20
148.30
148.30
148.30
148.30
148.30
148.50
148.60
148.90
149.00
149.00
149.10
149.10
149.30
149.10
149.30
149.20
149.20
149.40
149.70
149.80
150.00
150.10
150.00
150.10
150.30
150.20
150.30
150.30
150.30
150.40
150.40
150.30
150.40
150.80
151.00
151.10
151.30
151.10
151.20
151.30
151.40
151.30
152.10
152.10
152.00
152.10
152.00
152.10
152.30
152.50
152.30
152.60
152.80
153.00
153.10
153.20
153.30
153.50
153.70
153.90
154.00
154.00
153.90
154.00
154.10
154.20
154.40
154.40
154.30
154.30
154.80
155.10
155.30
155.60
156.00
156.30
156.70
157.10
157.50
157.80
157.80
157.90
158.00
157.80
158.10
158.10
158.50
158.50
158.80
158.90
158.70
158.60
159.10
159.10
158.90
159.00
159.30
159.30
159.40
159.40
159.60
159.70
159.90
160.10
160.00
160.10
160.30
160.40
160.60
160.60
160.50
160.50
160.50
160.60
161.10
161.10
161.40
161.10
161.20
161.30
161.30
161.50
161.70
162.00
161.80
162.00
161.80
161.90
162.00
162.10
162.20
162.30
162.60
162.60
163.00
163.10
163.00
163.10
163.40
163.40
163.10
163.30
163.50
163.50
163.60
163.50
163.30
163.30
163.40
163.30
163.70
163.80
164.80
164.50
165.70
165.40
165.70
165.40
165.20
165.30
165.10
165.00
165.30
165.20
165.20
165.20
165.20
165.30
165.30
165.40
165.40
165.50
165.50
165.50
165.40
165.50
165.60
165.40
165.30
164.90
164.90
165.10
164.80
165.00
165.10
165.20
165.30
165.30
165.30
165.20
165.10
165.30
165.20
165.20
165.00
164.90
164.70
164.70
164.60
164.60
164.50
164.60
164.30
164.30
164.20
164.20
164.60
164.50
164.40
164.40
164.30
164.30
164.50
164.40
164.40
164.50
164.40
164.40
164.40
164.50
164.50
164.70
164.90
165.00
164.90
164.90
165.00
165.10
165.10
165.00
165.10
165.20
165.20
165.20
165.30
165.30
165.30
165.50
165.70
165.90
166.00
166.00
166.00
166.10
166.20
166.60
166.40
166.40
166.60
166.80
167.10
166.90
167.20
167.30
167.20
167.20
167.30
167.30
167.60
168.00
168.10
168.10
168.20
168.40
168.30
168.30
168.30
168.60
169.00
169.10
169.10
169.20
169.30
169.20
169.50
169.60
169.70
169.90
169.80
169.80
169.90
170.60
170.40
170.70
170.90
170.90
171.00
171.20
171.20
171.40
171.40
171.70
171.80
171.90
171.80
172.10
172.20
172.40
172.60
172.80
172.90
173.00
173.10
173.20
173.30
172.90
173.10
173.40
173.00
173.50
173.20
173.20
173.40
173.30
174.00
173.80
174.00
174.00
174.30
174.30
174.30
174.30
174.50
174.60
174.60
174.70
175.00
174.80
175.00
175.20
175.20
175.40
175.30
175.80
175.90
176.00
176.20
176.20
176.20
176.30
176.40
176.60
177.00
177.10
177.10
177.10
177.30
177.40
177.60
177.60
177.80
178.10
178.00
178.20
178.20
178.50
178.40
178.60
178.70
178.80
178.90
179.10
179.20
179.50
179.40
179.60
180.00
180.10
180.10
180.10
180.40
180.40
180.30
180.50
180.50
180.50
181.00
180.70
181.00
181.20
181.30
181.30
181.50
181.50
181.30
181.90
181.90
182.10
182.20
182.20
182.30
182.50
182.50
182.40
182.60
182.70
182.80
183.10
183.00
183.10
183.20
183.40
183.70
183.40
183.60
183.70
183.70
184.00
184.00
184.20
184.30
184.30
184.50
184.70
184.90
185.00
185.00
184.90
185.10
185.20
185.40
185.30
185.70
185.70
185.90
186.00
186.00
185.90
186.00
186.20
186.30
186.30
186.30
186.40
186.50
186.70
187.00
186.80
187.10
187.20
187.30
187.10
187.30
187.30
187.50
187.40
187.50
187.90
187.90
188.10
188.00
188.20
188.30
188.30
188.40
188.30
188.30
188.40
188.70
188.90
189.00
189.10
189.20
189.30
189.40
189.20
189.20
189.40
189.60
189.90
190.00
189.90
190.10
190.30
190.20
190.20
190.30
190.30
190.70
190.70
190.80
191.00
191.00
191.10
191.00
191.00
191.20
191.20
191.30
191.50
191.70
192.00
192.10
192.00
192.30
192.40
192.30
192.20
192.30
192.30
192.40
192.70
192.80
192.80
192.90
193.00
192.90
193.20
193.20
193.30
193.40
193.40
193.60
193.40
194.00
194.00
193.90
194.10
194.00
194.10
194.20
194.30
194.30
194.20
194.50
194.40
194.50
194.40
194.60
194.60
194.70
195.00
195.00
195.00
195.00
194.90
194.90
195.20
195.10
195.20
195.40
195.50
195.30
195.50
195.30
195.40
195.60
195.80
196.00
195.80
195.90
196.00
196.00
196.20
196.30
196.30
196.30
196.30
196.40
196.40
196.40
196.30
196.80
197.00
196.80
197.10
197.10
197.30
197.20
197.30
197.40
197.20
197.20
197.40
197.50
197.80
198.00
198.10
198.20
198.10
198.20
198.60
198.40
198.50
198.50
198.60
198.40
198.60
198.80
199.00
199.00
198.90
199.10
199.10
199.10
199.30
199.10
199.40
199.30
199.30
199.60
199.70
199.30
199.20
199.20
199.00
198.90
198.70
199.10
199.10
199.00
198.70
198.70
198.80
199.00
199.00
198.80
199.10
199.10
199.00
199.10
199.30
199.40
199.10
199.30
199.30
199.30
199.60
199.70
200.10
199.90
199.80
199.90
200.10
200.20
200.20
200.10
200.40
200.30
200.30
200.30
200.30
200.30
200.40
200.50
200.60
201.00
200.60
201.00
200.70
201.10
201.00
201.00
200.70
200.90
200.70
200.70
200.80
200.50
200.50
200.50
200.60
200.50
200.50
200.40
200.30
200.30
200.30
200.30
200.40
200.40
200.30
201.00
202.10
200.90
199.60
200.00
201.80
201.50
201.10
202.20
201.10
200.10
200.60
200.70
200.90
201.30
200.40
200.20
200.30
200.30
200.50
200.50
200.30
200.60
200.90
201.20
201.30
201.20
201.40
201.10
201.20
201.30
201.30
201.50
201.50
201.50
201.50
201.80
201.90
201.80
201.80
202.30
202.20
202.20
202.30
202.30
202.30
202.30
202.30
202.40
202.60
202.70
202.70
202.80
202.80
202.90
203.20
203.30
203.30
203.20
203.30
203.20
203.20
203.30
203.40
203.70
203.70
203.60
203.70
203.50
203.20
203.40
203.30
203.20
203.80
204.10
204.30
204.30
204.30
204.30
204.30
204.50
204.80
204.90
204.90
205.10
205.20
205.30
205.40
205.20
205.20
205.20
205.20
205.40
205.40
205.60
205.60
205.60
205.80
205.80
206.00
206.20
206.20
206.10
206.20
206.10
206.20
206.30
206.30
206.30
206.20
206.30
206.50
206.60
206.40
206.50
206.40
206.40
206.40
206.60
206.70
206.90
206.90
206.90
206.70
206.80
207.00
207.20
207.30
207.20
207.30
207.30
207.30
207.30
207.20
207.40
207.30
207.50
207.40
207.60
207.80
207.80
208.00
207.90
208.00
208.00
208.10
208.20
208.30
208.20
208.30
208.30
208.30
208.20
208.30
208.60
208.50
208.50
208.80
208.80
208.90
208.90
209.00
208.90
209.20
209.30
209.50
209.30
209.30
209.30
209.30
209.30
209.60
209.70
209.90
209.90
210.00
210.00
210.20
210.10
210.20
210.40
210.30
210.60
210.30
210.30
210.30
210.30
210.40
210.80
210.80
210.70
210.90
211.00
211.40
211.20
211.20
211.30
211.30
211.60
211.60
211.50
211.70
211.90
212.00
212.00
212.00
212.20
212.20
212.20
212.50
212.30
212.60
212.50
212.70
212.80
212.60
213.10
213.10
213.10
213.20
213.40
213.30
213.40
213.20
213.30
213.50
213.40
213.70
213.70
213.50
213.90
213.80
213.90
214.10
214.20
214.40
214.60
214.50
214.40
214.60
214.70
214.60
214.90
214.90
214.90
215.00
215.00
215.20
215.30
215.30
215.30
215.30
215.40
215.60
215.50
215.70
215.60
215.60
216.00
216.20
216.20
216.30
216.60
216.50
216.40
216.50
216.70
216.70
216.90
217.00
217.30
217.40
217.30
217.40
217.40
217.30
217.30
217.40
217.40
217.80
217.80
218.00
218.00
218.00
218.10
218.10
218.20
218.40
218.40
218.30
218.50
218.30
218.30
218.50
218.60
219.00
218.90
219.10
219.10
219.10
219.20
219.20
219.50
219.50
219.40
219.50
219.30
219.50
219.70
219.70
219.70
219.90
220.00
220.30
220.40
220.30
220.30
220.30
220.30
220.40
220.70
220.80
220.90
221.20
221.10
221.10
221.30
221.40
221.50
221.30
221.30
221.50
221.40
221.80
221.70
221.90
222.10
222.10
222.10
222.10
222.20
222.30
222.30
222.40
222.40
222.30
222.30
222.30
222.40
222.30
222.50
222.60
222.70
222.80
222.90
222.90
223.20
223.20
223.30
223.30
223.30
223.40
223.30
223.30
223.50
223.70
224.00
223.90
224.00
224.20
224.20
224.20
224.50
224.50
224.40
224.40
224.50
224.50
224.60
224.60
224.50
224.80
224.90
225.00
224.90
225.20
225.30
225.30
225.40
225.20
225.20
225.30
225.30
225.60
225.70
225.80
225.80
225.70
225.90
225.80
226.10
226.30
226.30
226.20
226.30
226.40
226.40
226.40
226.50
226.60
226.80
226.90
226.90
226.80
227.00
227.10
227.20
227.30
227.40
227.60
227.60
227.70
227.60
227.80
227.60
227.80
227.90
227.80
227.90
228.30
228.30
228.30
228.50
228.40
228.20
228.50
228.30
228.60
228.40
228.90
228.60
228.80
228.80
229.00
229.00
229.10
229.10
229.20
229.20
229.30
229.30
229.30
229.30
229.30
229.20
229.40
229.40
229.30
229.30
229.60
229.40
229.70
229.40
229.70
229.80
230.00
230.00
230.10
230.40
230.20
230.50
230.50
230.40
230.50
230.70
231.00
230.70
230.80
231.20
231.30
231.30
231.30
231.30
231.30
231.60
231.50
231.60
231.60
231.80
231.90
232.00
231.70
231.90
232.20
232.30
232.20
232.20
232.30
232.30
232.30
232.20
232.40
232.60
232.60
232.60
232.70
232.90
233.10
233.10
233.20
233.30
233.30
233.40
233.40
233.40
233.40
233.30
233.70
233.80
233.80
234.00
234.00
234.10
234.30
234.20
234.40
234.40
234.60
234.50
234.40
234.50
234.50
234.90
234.80
234.90
235.20
235.10
235.30
235.40
235.40
235.30
235.40
235.40
235.40
235.50
235.70
235.70
235.70
236.00
236.10
236.20
236.20
236.40
236.40
236.30
236.30
236.30
236.50
236.60
236.70
236.60
236.90
236.80
236.90
236.90
237.00
237.30
237.30
237.40
237.50
237.30
237.30
237.30
237.40
237.50
237.70
237.90
237.80
237.80
238.30
238.20
238.20
238.20
238.20
238.30
238.40
238.40
238.30
238.40
238.40
238.60
238.80
238.80
239.00
238.90
239.20
239.20
239.30
239.30
239.30
239.40
239.40
239.40
239.50
239.60
239.60
240.00
239.90
239.90
240.30
240.30
240.30
240.30
240.30
240.30
240.40
240.30
240.50
240.40
240.50
240.60
240.70
240.90
241.00
241.20
241.40
241.50
241.50
241.30
241.30
241.60
241.60
241.60
241.90
242.00
242.20
242.30
242.30
242.30
242.20
242.30
242.50
242.70
242.40
242.50
242.80
242.90
242.90
243.30
243.20
243.20
243.30
243.50
243.40
243.40
243.50
243.70
243.90
243.90
244.20
244.30
244.30
244.30
244.30
244.30
244.30
244.50
244.60
244.60
244.90
244.60
244.80
245.30
245.30
245.30
245.30
245.30
245.40
245.50
245.50
245.60
245.80
246.00
245.90
246.30
246.50
246.20
246.30
246.30
246.60
246.60
246.50
246.30
246.50
246.90
246.80
247.00
246.70
247.20
247.10
247.10
247.40
247.40
247.50
247.40
247.50
247.70
247.70
247.80
248.00
248.00
248.00
248.30
248.20
248.30
248.40
248.50
248.40
248.30
248.30
248.60
248.50
248.50
248.70
248.80
249.10
249.20
249.30
249.40
249.30
249.30
249.40
249.40
249.70
250.00
250.00
250.10
250.00
250.30
250.30
250.30
250.30
250.30
250.30
250.30
250.30
250.40
250.30
250.40
250.50
251.00
251.10
251.20
251.30
251.30
251.40
251.50
251.50
251.40
251.40
251.40
251.70
251.80
251.90
252.20
252.00
252.30
252.30
252.30
252.40
252.50
252.50
252.40
252.40
252.40
252.90
253.00
252.70
253.20
253.30
253.30
253.40
253.30
253.30
253.30
253.50
253.60
253.80
254.00
254.30
254.30
254.30
254.30
254.30
254.30
254.40
254.40
254.30
254.40
254.50
254.90
255.00
255.20
255.20
255.20
255.30
255.20
255.20
255.50
255.60
255.30
255.50
255.60
255.50
256.10
256.10
256.00
256.00
256.20
256.30
256.30
256.40
256.40
256.40
256.60
256.50
256.60
256.70
256.80
257.00
257.10
257.10
257.30
257.30
257.50
257.50
257.50
257.50
257.40
257.30
257.60
257.80
258.00
257.90
258.30
258.30
258.30
258.30
258.40
258.40
258.30
258.60
258.90
259.00
259.00
258.90
259.30
259.40
259.50
259.50
259.40
259.30
259.30
259.50
259.90
260.00
260.30
260.30
260.30
260.50
260.30
260.30
260.60
260.70
261.00
261.10
261.20
261.30
261.30
261.30
261.30
261.40
261.30
261.50
261.50
261.30
261.40
261.50
261.60
261.70
261.90
261.80
262.20
262.20
262.20
262.40
262.30
262.30
262.60
262.60
262.50
262.40
262.60
262.60
262.90
263.10
263.20
263.10
263.10
263.20
263.30
263.40
263.30
263.50
263.50
263.40
263.40
263.40
263.30
263.60
263.50
263.60
264.00
263.80
264.20
264.30
264.30
264.40
264.30
264.30
264.40
264.30
264.60
264.50
264.70
264.60
265.00
265.00
265.00
265.10
265.20
265.30
265.30
265.30
265.40
266.20
264.70
262.90
263.50
263.20
263.70
264.70
265.00
265.00
265.10
265.40
265.30
265.40
265.90
266.00
266.10
266.10
266.30
266.30
266.30
266.40
266.50
266.60
266.40
266.70
267.00
266.90
267.10
267.00
267.30
267.20
267.30
267.40
267.50
267.60
267.60
267.90
267.90
267.90
268.00
268.20
268.10
268.40
268.30
268.40
268.50
268.50
268.50
268.40
268.60
268.60
269.00
268.70
269.00
269.00
269.20
269.30
269.20
269.50
269.40
269.50
269.50
269.80
269.80
269.90
270.00
270.10
270.10
270.10
270.30
270.30
270.30
270.40
270.40
270.40
270.80
270.80
271.00
271.10
271.00
271.10
271.20
271.30
271.30
271.50
271.40
271.40
271.60
271.70
271.90
272.00
272.00
272.10
272.20
272.40
272.30
272.30
272.40
272.60
272.50
272.60
272.50
272.70
272.80
273.10
272.90
273.00
273.30
273.10
273.30
273.20
273.50
273.50
273.60
273.50
273.90
273.80
273.90
274.00
274.20
274.30
274.20
274.40
274.30
274.30
274.40
274.50
274.90
275.10
275.10
275.10
275.00
275.10
275.10
275.30
275.20
275.30
275.30
275.60
275.60
275.70
276.10
276.10
276.00
276.10
276.10
276.20
276.40
276.30
276.40
276.30
276.40
276.60
276.60
276.80
276.90
277.00
277.30
277.30
277.40
277.50
277.20
277.20
277.30
277.40
277.80
277.90
277.90
277.90
278.10
278.10
278.10
278.20
278.30
278.40
278.60
278.40
278.50
278.50
278.70
278.90
279.00
278.70
279.00
279.10
279.30
279.40
279.30
279.30
279.40
279.40
279.50
279.50
279.90
279.80
280.10
279.80
280.10
280.10
280.10
280.40
280.40
280.30
280.50
280.30
280.30
280.70
280.90
281.10
281.10
281.20
281.20
281.30
281.20
281.30
281.40
281.40
281.50
281.40
281.30
281.30
281.30
281.00
281.20
281.20
281.30
281.30
281.50
281.30
281.50
281.40
281.70
281.90
282.00
282.00
282.00
282.20
282.20
282.40
282.20
282.30
282.30
282.30
282.60
282.50
282.50
282.60
282.80
282.70
282.90
283.10
283.20
283.20
283.30
283.50
283.60
283.80
284.00
283.90
284.00
284.10
284.20
284.10
284.00
283.90
284.00
284.10
284.20
284.40
284.40
284.30
284.30
284.40
284.30
284.40
284.30
284.30
284.30
284.30
284.30
284.50
284.60
285.00
285.00
284.80
285.10
285.10
285.10
285.40
285.40
285.30
285.60
285.30
285.50
285.50
285.60
285.90
285.80
286.00
286.00
286.10
286.10
286.00
286.10
286.30
286.20
286.30
286.20
286.20
286.30
286.30
286.40
286.60
286.40
286.70
287.10
286.80
287.10
287.10
287.20
287.30
287.20
287.30
287.30
287.30
287.50
287.40
287.40
287.70
287.60
287.70
288.00
288.10
287.90
288.00
288.00
288.00
288.10
288.10
288.00
288.10
288.00
288.00
288.00
288.20
288.20
288.30
288.30
288.40
288.40
288.50
288.70
289.10
289.00
289.10
289.30
289.40
289.30
289.70
289.90
290.10
290.40
290.60
290.40
290.40
290.30
290.30
290.20
290.30
290.30
290.30
290.30
290.30
290.50
290.90
291.00
291.10
290.90
290.30
290.30
290.60
291.10
292.90
294.00
294.40
294.30
294.30
294.30
294.30
293.40
293.20
292.30
291.50
290.60
290.40
290.00
289.40
289.20
288.40
287.70
287.20
286.30
285.70
285.50
285.40
285.30
285.30
284.80
284.30
283.90
283.70
283.30
282.40
282.10
281.30
280.50
280.30
279.50
278.70
278.30
278.20
278.00
277.70
277.40
277.30
277.40
277.20
277.10
277.00
277.10
276.80
276.50
276.40
276.40
276.10
276.10
275.90
275.30
275.00
274.60
274.30
274.00
273.40
273.10
272.80
272.50
272.30
272.00
271.90
271.90
271.50
271.30
270.90
270.40
269.70
269.30
268.40
267.40
266.60
266.30
265.40
264.70
264.40
263.80
263.40
262.50
262.20
261.50
261.30
260.70
260.30
260.10
259.70
259.30
258.60
257.80
257.40
256.60
256.20
255.40
255.20
254.60
254.20
253.60
253.30
253.00
252.40
252.30
252.00
251.40
250.50
249.90
249.30
248.50
247.40
247.20
246.30
246.00
245.30
245.20
244.50
243.90
243.40
243.10
242.30
242.30
241.30
241.20
240.80
240.50
240.00
239.80
239.30
239.50
239.20
238.80
238.30
238.20
237.80
237.60
237.50
237.30
237.00
237.10
236.90
236.40
236.30
236.30
236.00
236.10
236.10
236.10
236.00
236.00
236.10
236.20
236.10
235.80
235.30
235.30
235.10
235.10
235.00
235.10
235.00
234.30
234.50
234.50
234.30
233.90
233.80
233.30
233.30
233.30
233.30
233.30
233.30
233.30
233.40
233.30
233.30
233.30
233.40
233.30
233.30
233.60
233.70
233.80
233.70
233.70
233.40
233.40
233.30
233.40
233.20
233.10
233.00
232.70
232.50
232.20
232.00
231.80
231.60
231.10
230.90
230.50
230.00
229.70
229.20
228.90
228.30
228.20
227.40
227.30
226.70
226.20
225.50
225.00
224.40
223.80
223.30
222.80
222.50
221.80
221.40
220.90
220.40
220.20
219.70
219.40
218.60
218.30
217.80
217.30
216.70
216.20
215.90
215.30
214.60
214.40
213.80
213.30
212.70
212.20
212.20
211.80
211.70
211.40
211.30
211.20
211.10
211.00
211.00
210.80
210.50
210.50
210.30
210.20
210.10
209.90
209.50
209.40
209.20
209.10
208.90
208.40
208.30
208.00
207.70
207.20
207.40
207.10
206.90
206.30
206.00
206.00
205.40
205.30
205.00
204.80
204.60
204.30
204.00
203.40
203.50
203.40
203.20
203.10
203.00
202.60
202.50
202.50
202.50
202.10
202.10
201.80
201.70
201.60
201.50
201.30
201.10
201.10
200.90
200.50
200.50
200.30
200.30
200.20
200.10
200.00
199.90
199.40
199.30
199.10
198.90
198.90
198.70
198.80
198.70
198.80
199.00
199.00
198.90
198.70
199.10
199.10
198.80
198.60
198.50
198.50
198.70
198.60
198.30
198.40
198.40
198.40
199.00
198.60
198.90
198.70
198.80
198.90
198.90
198.90
199.00
199.20
199.20
199.00
199.20
199.00
199.00
199.10
199.10
198.90
199.00
199.00
199.30
199.20
199.20
199.20
199.50
199.90
200.00
200.00
200.10
200.20
200.30
200.30
200.30
200.50
200.80
200.90
201.10
201.00
201.20
201.40
201.40
201.70
202.00
201.90
202.00
202.10
202.30
202.40
202.30
202.50
202.90
203.10
203.00
203.20
203.50
203.50
203.70
203.80
203.70
203.60
203.80
203.80
203.60
203.90
203.90
203.90
204.10
204.00
204.20
204.20
204.40
204.90
205.10
205.00
205.20
205.20
205.40
205.30
205.70
206.00
206.00
206.60
206.90
207.40
207.80
207.90
208.00
208.10
208.10
208.00
208.20
208.20
208.20
208.30
208.30
208.30
208.30
208.50
208.80
208.90
208.90
209.00
209.00
209.30
209.20
209.20
209.30
209.30
209.50
209.50
209.20
209.40
209.40
209.50
209.40
209.50
209.30
209.40
209.40
209.40
209.50
209.50
209.40
209.50
209.40
209.30
209.30
209.60
209.40
209.30
209.30
209.30
209.20
209.60
209.60
209.30
209.40
209.40
209.50
209.50
209.60
209.60
209.30
209.40
209.70
209.60
209.90
209.80
209.80
209.80
209.90
209.80
210.00
209.80
210.10
210.10
210.10
210.10
210.10
210.20
210.40
210.40
210.30
210.30
210.30
210.20
210.70
210.70
210.60
210.70
211.00
211.00
211.10
211.10
211.00
211.20
211.00
211.30
211.30
211.20
211.30
211.50
211.40
211.50
211.60
211.90
212.00
212.10
212.10
212.10
212.20
212.20
212.20
212.10
212.30
212.60
212.70
212.60
212.90
213.10
213.10
213.10
213.10
213.10
213.00
213.00
213.10
213.30
213.30
213.30
213.70
213.50
213.90
214.10
214.00
214.20
214.00
214.20
214.40
214.30
214.40
214.60
215.10
215.00
215.00
215.00
215.10
215.40
215.30
215.40
215.80
215.70
215.90
216.00
216.10
216.00
216.20
216.20
216.20
216.20
216.20
216.90
216.90
216.60
216.90
217.10
217.10
217.00
217.10
217.10
217.00
217.00
217.00
217.00
217.10
217.00
216.90
216.70
216.60
216.70
216.40
216.60
216.50
216.50
216.30
216.30
216.30
216.40
216.40
216.30
216.10
216.10
216.20
216.00
216.20
216.20
216.10
216.10
216.00
216.10
215.90
215.90
216.00
215.80
215.90
215.90
215.80
215.80
215.90
215.80
215.90
215.80
215.90
215.80
215.70
216.00
215.90
216.10
216.10
216.10
216.20
216.20
216.20
216.30
216.30
216.40
216.40
216.30
216.30
216.50
216.90
216.70
216.50
216.70
216.80
216.90
217.00
217.00
217.10
217.10
217.40
217.40
217.30
217.20
217.50
217.70
217.90
217.90
217.70
217.90
218.10
218.20
218.20
218.30
218.20
218.20
218.90
219.00
219.00
219.00
219.10
219.00
219.30
219.50
219.70
219.70
219.80
219.70
219.90
220.20
220.10
220.20
220.30
220.30
220.30
220.50
221.00
221.00
221.00
221.10
221.30
221.80
221.90
222.00
222.10
222.30
222.30
222.30
222.40
222.30
222.30
222.40
222.40
222.50
222.80
222.90
222.90
223.00
223.00
223.20
223.20
223.20
223.60
224.00
224.20
224.00
224.10
224.20
224.30
224.40
224.30
224.40
224.80
224.90
224.90
225.00
225.00
225.30
225.40
225.40
225.70
225.70
226.00
226.00
226.00
226.10
226.10
226.20
226.40
226.40
226.90
226.90
227.00
227.10
227.40
227.30
227.40
227.60
227.90
227.80
227.80
228.10
228.20
228.20
228.50
228.40
228.80
228.80
228.90
229.00
229.10
229.20
229.40
229.50
229.20
229.60
229.80
229.90
230.00
230.20
230.20
230.20
230.20
230.30
230.30
230.60
230.90
230.90
230.90
230.90
230.70
230.80
231.10
231.10
231.00
230.90
231.00
230.60
230.50
230.30
230.30
230.30
230.30
230.10
230.10
230.00
230.00
230.00
229.60
229.60
229.30
229.30
229.10
229.00
228.90
228.60
228.50
228.40
228.50
228.20
228.30
228.20
228.10
228.00
227.80
227.60
227.60
227.60
227.30
227.40
227.40
227.40
227.40
227.30
227.30
227.30
227.20
227.00
227.20
227.10
227.00
227.00
226.90
227.10
226.90
226.90
227.00
227.00
227.10
227.00
227.10
227.00
227.00
227.10
227.00
227.10
227.10
227.00
227.00
227.10
227.10
227.20
227.00
227.00
227.10
227.00
226.90
227.00
226.70
226.90
226.50
226.40
226.30
226.30
226.00
225.90
225.80
225.80
225.50
225.40
225.30
225.00
225.10
224.90
224.50
224.60
224.50
224.10
224.00
223.40
223.40
223.10
223.00
222.60
222.40
222.20
222.10
221.90
222.00
221.60
221.60
221.50
221.30
221.20
221.30
221.20
221.50
221.40
221.20
221.20
221.10
221.00
221.10
221.10
221.00
221.00
221.10
221.00
221.00
221.10
221.10
221.10
221.10
221.10
221.30
221.20
221.40
221.20
221.20
221.30
221.40
221.40
221.40
221.50
221.70
222.00
221.90
222.00
221.90
222.20
222.30
222.20
222.40
222.30
222.50
222.70
222.70
222.70
222.90
223.00
223.20
223.50
223.30
223.40
223.30
223.30
223.70
223.90
223.90
224.00
224.00
224.40
224.30
224.30
224.40
225.00
225.00
225.00
225.00
225.20
225.30
225.50
225.50
225.90
226.00
226.10
226.10
226.30
226.50
226.60
226.80
227.10
227.10
227.40
227.50
227.50
227.80
227.90
227.80
228.00
228.20
228.40
228.60
228.60
229.00
229.10
229.10
229.30
229.50
229.30
229.70
229.90
230.00
230.10
230.00
230.10
230.30
230.40
230.60
231.00
231.10
231.10
231.10
231.40
231.30
231.40
231.50
231.70
231.80
232.00
232.10
232.20
232.20
232.30
232.50
232.80
233.00
233.00
233.10
233.20
233.20
233.30
233.40
233.70
233.70
233.90
234.00
234.00
234.00
234.60
234.50
234.50
234.30
234.70
235.00
234.80
235.00
235.00
235.10
235.10
235.40
235.50
235.90
235.80
235.90
236.10
236.10
236.20
236.30
236.30
236.40
236.40
236.60
236.80
236.80
236.90
237.00
237.00
237.10
237.30
237.40
237.50
237.80
237.50
238.00
237.90
238.10
238.10
238.00
238.30
238.30
238.30
238.30
238.50
238.50
238.70
238.70
239.00
239.00
239.10
239.30
239.50
239.60
239.60
239.30
239.70
239.80
240.10
239.90
240.00
240.10
240.10
240.40
240.30
240.40
240.40
240.60
240.90
240.90
240.80
240.80
241.20
241.10
241.50
241.40
241.20
241.20
241.40
241.80
241.90
242.10
242.00
242.00
242.10
242.20
242.30
242.30
242.30
242.30
242.60
242.60
242.80
242.70
242.80
243.10
243.20
243.30
243.40
243.50
243.60
243.70
243.70
243.70
243.80
243.90
244.10
244.10
244.20
244.40
244.30
244.50
244.30
244.70
244.80
244.90
244.90
245.00
245.00
245.00
245.20
245.40
245.40
245.40
245.40
245.50
245.80
245.80
245.90
245.90
246.00
246.00
246.30
246.20
246.30
246.40
246.50
246.50
246.70
246.80
247.10
247.00
247.00
247.50
247.60
247.60
247.30
247.40
247.50
247.70
248.00
247.90
248.00
248.10
248.10
248.30
248.20
248.30
248.20
248.30
248.40
248.50
248.90
248.90
249.10
249.10
249.10
249.10
249.30
249.30
249.30
249.50
249.60
249.80
249.90
249.90
250.10
250.00
250.20
250.20
250.20
250.20
250.20
250.50
250.30
250.90
250.80
251.10
251.00
251.00
251.00
251.10
251.30
251.60
251.40
251.30
251.80
251.30
251.60
251.80
251.80
251.80
252.00
252.20
252.20
252.40
252.30
252.30
252.30
252.30
252.70
252.80
252.70
252.70
253.00
252.90
253.00
252.80
253.00
252.90
253.00
253.00
253.00
253.10
253.10
253.10
253.00
253.00
252.90
253.10
253.10
253.10
253.10
253.00
252.90
253.10
253.00
252.80
253.10
252.90
252.70
252.80
253.10
252.90
252.80
252.90
252.90
253.00
252.70
252.80
252.90
253.00
252.80
252.70
252.80
252.90
253.00
252.80
253.00
253.10
253.10
253.10
253.10
253.20
253.20
253.10
253.10
253.00
253.10
253.10
253.20
253.30
253.40
253.40
253.20
253.20
253.20
253.20
253.30
253.30
253.50
253.50
253.60
253.50
253.90
253.90
253.90
254.10
254.00
254.10
254.00
254.00
254.20
254.10
254.10
254.30
254.30
254.30
254.40
254.60
254.70
255.00
254.60
255.10
255.10
255.00
255.10
255.00
255.20
255.30
255.30
255.40
255.40
255.60
255.70
255.70
256.00
256.10
256.20
256.20
256.20
256.10
256.40
256.40
256.50
256.40
256.60
256.90
256.80
256.90
257.10
257.00
257.00
257.30
257.30
257.20
257.30
257.30
257.60
257.80
257.90
258.00
258.10
258.00
258.20
258.30
258.20
258.30
258.30
258.40
258.60
258.80
258.80
258.80
259.10
258.90
259.10
259.10
259.00
259.00
259.10
259.00
259.10
259.20
259.20
259.10
259.20
259.30
259.20
259.10
259.30
259.10
259.30
259.30
259.30
259.20
259.10
259.20
259.00
259.10
259.10
259.00
259.00
259.00
259.00
259.10
258.90
258.80
258.90
259.10
259.00
258.90
259.00
259.10
258.90
258.90
259.00
259.00
259.20
259.10
259.30
259.10
259.30
259.30
259.10
259.10
259.30
259.30
259.30
259.30
259.30
259.30
259.40
259.30
259.50
259.60
259.50
259.30
259.40
259.60
259.70
259.60
259.70
260.00
260.00
260.10
260.10
260.20
260.30
260.20
260.40
260.30
260.30
260.40
260.30
260.60
260.50
260.70
260.80
261.00
260.80
260.90
260.90
261.10
261.20
261.40
261.30
261.20
261.50
261.40
261.50
261.60
261.30
261.60
261.80
261.80
261.80
261.80
262.00
262.10
262.00
262.20
262.30
262.00
262.10
262.10
262.10
262.30
262.50
262.40
262.40
262.30
262.60
262.60
262.70
262.80
262.90
263.10
262.90
263.00
263.10
263.20
263.30
263.30
263.20
263.20
263.40
263.40
263.20
263.50
263.50
263.30
263.50
263.80
263.80
263.90
263.90
264.20
264.40
264.30
264.30
264.20
264.40
264.50
264.40
264.40
264.90
264.80
265.00
265.00
265.10
265.10
265.20
265.30
265.50
265.40
265.30
265.50
265.40
265.80
265.80
265.90
266.00
266.00
266.00
266.20
266.10
266.40
266.30
266.20
266.40
266.40
266.60
266.60
266.60
266.80
266.90
266.80
266.90
266.90
267.20
267.30
267.20
267.40
267.20
267.30
267.30
267.30
267.30
267.50
267.40
267.30
267.30
267.50
267.50
267.50
267.40
267.40
267.30
267.70
267.60
267.60
267.60
267.70
267.60
267.70
268.00
268.00
268.00
268.10
267.90
268.20
268.00
268.20
268.40
268.30
268.20
268.30
268.30
268.30
268.30
268.50
268.40
268.40
268.50
268.50
268.70
268.60
268.60
268.70
268.80
268.70
268.90
268.80
269.10
269.10
269.10
269.10
269.30
269.10
269.10
269.10
269.40
269.40
269.30
269.40
269.50
269.30
269.40
269.70
269.90
269.90
269.90
270.10
270.00
270.20
270.00
270.10
270.10
270.20
270.50
270.40
270.40
270.40
270.40
270.50
270.40
270.50
270.70
270.70
270.90
270.90
270.70
271.00
271.20
271.10
271.30
271.20
271.20
271.50
271.40
271.30
271.30
271.30
271.50
271.50
271.80
271.90
271.90
272.10
272.10
272.00
271.90
272.00
272.00
272.20
272.20
272.20
272.20
272.20
272.20
272.50
272.40
272.30
272.30
272.20
272.10
272.10
272.00
272.00
272.10
272.00
272.10
272.00
271.90
272.00
272.00
271.40
271.40
271.40
271.30
271.30
271.40
271.40
271.30
271.30
271.00
270.90
271.00
270.80
270.80
271.00
271.10
271.00
270.70
270.60
270.50
270.70
270.60
270.50
270.40
270.50
270.50
270.30
270.50
270.40
270.60
270.60
270.30
270.50
270.40
270.40
270.30
270.40
270.30
270.40
270.30
270.30
270.50
270.50
270.50
270.30
270.40
270.30
270.30
270.50
270.40
270.50
270.30
270.30
270.40
270.40
270.60
270.50
270.30
270.50
270.30
270.30
270.50
270.50
270.50
270.80
270.80
271.10
270.70
270.80
271.00
270.90
271.00
271.10
271.10
270.80
271.00
271.10
271.10
271.20
271.00
271.00
271.00
271.10
271.10
271.00
271.30
271.30
271.30
271.40
271.30
271.30
271.30
271.20
271.30
271.30
271.30
271.50
271.30
271.50
271.70
271.80
271.80
271.90
271.90
271.90
271.90
272.10
272.00
272.10
272.20
272.20
272.30
272.30
272.40
272.40
272.60
272.50
272.50
272.80
272.60
273.10
272.90
273.10
272.90
273.00
273.00
273.20
273.40
273.20
273.30
273.10
273.40
273.20
273.30
273.60
273.80
273.90
273.80
273.70
273.80
274.00
273.90
274.10
274.00
274.10
274.30
274.40
274.30
274.30
274.30
274.40
274.40
274.60
274.40
274.40
274.80
275.10
275.00
275.00
275.10
275.00
275.30
275.30
275.30
275.50
275.30
275.20
275.50
275.40
275.60
275.40
275.40
275.50
275.60
275.80
275.70
275.80
276.10
276.00
276.00
276.20
276.20
276.20
276.40
276.40
276.40
276.40
276.50
276.30
276.30
276.40
277.00
276.60
276.80
277.00
276.70
277.00
276.90
277.10
277.10
277.30
277.20
277.20
277.40
277.40
277.40
277.40
277.40
277.20
277.30
277.50
277.90
277.70
277.90
277.80
277.90
278.00
278.10
278.00
278.00
278.20
278.20
278.10
278.30
278.30
278.30
278.40
278.40
278.60
278.60
278.70
278.60
278.60
278.90
278.90
279.00
278.90
278.90
278.90
279.10
279.10
279.00
279.30
279.40
279.20
279.30
279.30
279.30
279.30
279.40
279.40
279.30
279.30
279.60
279.70
279.70
280.10
279.80
279.70
280.00
279.80
280.10
280.00
280.00
280.30
280.10
280.20
280.40
280.40
280.40
280.30
280.40
280.30
280.30
280.50
280.60
280.90
280.90
281.10
280.90
280.90
280.80
281.10
281.10
281.00
281.20
281.30
281.30
281.30
281.30
281.20
281.50
281.40
281.40
281.30
281.40
281.50
281.50
281.60
281.50
281.60
281.80
281.90
281.90
281.80
281.90
282.00
282.00
281.80
281.90
281.90
282.00
281.90
282.00
282.10
281.90
282.00
282.00
282.00
282.00
282.00
282.00
282.20
282.10
282.00
282.00
282.00
282.00
281.90
282.20
282.00
282.10
282.30
282.10
282.30
282.30
282.30
282.30
282.20
282.30
282.30
282.30
282.20
282.40
282.40
282.30
282.30
282.50
282.40
282.60
282.50
282.30
282.40
282.30
282.50
282.70
282.50
282.90
282.80
282.70
283.10
283.00
283.00
282.90
283.20
283.10
282.90
283.10
283.00
283.10
283.00
283.20
283.10
283.20
283.20
283.20
283.20
283.30
283.30
283.50
283.60
283.50
283.60
283.60
283.20
283.30
283.50
283.50
283.70
284.00
283.80
283.70
284.00
284.00
284.00
284.10
284.00
284.10
284.10
284.20
284.40
284.30
284.40
284.40
284.40
284.30
284.30
284.40
284.40
284.50
284.70
284.60
284.60
284.60
284.70
284.90
285.00
284.80
284.90
284.90
285.30
285.20
285.00
285.10
285.30
285.40
285.30
285.30
285.30
285.30
285.50
285.30
285.20
285.40
285.30
285.50
285.50
285.60
285.90
285.80
285.90
285.90
285.90
286.10
286.00
285.90
286.00
286.00
286.10
286.10
286.10
286.30
286.20
286.10
286.40
286.30
286.30
286.40
286.40
286.50
286.40
286.50
286.60
286.30
286.50
286.50
286.60
286.80
286.80
286.90
286.80
287.10
287.10
287.10
287.20
287.10
287.10
287.20
287.20
287.30
287.30
287.50
287.20
287.40
287.40
287.30
287.40
287.40
287.30
287.60
287.70
287.90
288.00
287.70
287.80
287.90
288.10
288.00
288.00
288.10
288.20
288.10
288.30
288.20
288.30
288.20
288.40
288.60
288.30
288.40
288.30
288.40
288.30
288.50
288.70
288.50
288.60
288.80
288.70
288.90
288.90
289.00
288.80
289.10
289.20
289.20
289.20
289.30
289.30
289.40
289.30
289.30
289.40
289.40
289.50
289.50
289.50
289.50
289.40
289.50
289.50
289.60
289.90
289.90
289.90
290.00
290.10
290.00
290.00
290.00
290.00
290.20
290.20
290.20
290.30
290.40
290.30
290.40
290.40
290.50
290.60
290.30
290.70
290.70
290.40
290.70
290.70
290.90
290.80
290.80
291.10
291.00
291.10
291.20
291.30
291.30
291.30
291.50
291.50
291.40
291.50
291.40
291.40
291.50
291.50
291.50
291.50
291.70
291.60
291.90
291.80
291.70
291.90
291.90
292.00
292.10
292.10
292.10
292.10
292.20
292.20
292.30
292.40
292.40
292.30
292.30
292.60
292.30
292.40
292.60
292.60
292.80
292.80
293.00
293.00
292.90
292.90
293.10
293.20
293.00
293.10
293.10
293.30
293.20
293.40
293.30
293.40
293.40
293.40
293.50
293.50
293.50
293.30
293.50
293.80
293.70
293.90
293.80
294.00
294.00
293.90
294.10
294.00
294.00
293.90
294.10
294.20
294.40
294.30
294.20
294.30
294.30
294.60
294.50
294.40
294.50
294.40
294.80
294.60
294.50
294.80
295.00
295.00
294.70
295.00
295.00
295.10
295.10
295.20
295.00
295.40
295.30
295.40
295.30
295.30
295.40
295.50
295.50
295.30
295.30
295.40
295.40
295.90
295.80
296.10
296.00
296.10
296.20
296.10
296.30
296.30
296.10
296.30
296.10
296.10
296.10
296.30
296.30
296.30
296.30
296.40
296.40
296.30
296.30
296.40
296.40
296.40
296.40
296.30
296.30
296.30
296.50
296.70
296.80
296.70
296.80
296.80
296.70
297.00
297.10
297.00
297.10
297.10
297.20
297.40
297.40
297.50
297.30
297.50
297.40
297.40
297.60
297.60
297.70
297.70
297.60
297.80
297.90
297.60
297.90
297.90
297.90
298.00
298.10
297.90
298.10
298.20
298.30
298.20
298.30
298.30
298.30
298.40
298.50
298.50
298.40
298.40
298.50
298.50
298.50
298.40
299.00
298.70
299.00
298.70
298.80
299.00
299.10
299.00
299.10
299.10
299.00
299.20
298.80
298.30
298.40
298.40
298.50
298.60
298.40
299.00
299.40
299.30
299.10
298.90
299.00
299.30
299.30
299.40
299.30
299.10
299.10
299.00
299.00
298.90
298.90
299.10
299.20
298.80
298.60
298.70
298.90
299.20
299.20
299.30
299.40
299.60
299.30
299.50
299.60
299.60
299.60
299.70
299.70
299.70
300.10
300.00
300.10
299.90
300.00
300.00
299.90
300.20
300.20
300.10
300.10
300.30
300.30
300.10
300.00
300.20
300.00
300.00
299.90
300.00
299.80
299.60
299.50
299.50
299.30
299.30
299.30
299.20
299.10
298.90
298.40
298.40
298.30
298.40
298.20
298.10
298.00
298.00
297.80
297.60
297.50
297.30
297.40
297.20
297.10
296.70
296.80
296.50
296.30
296.30
296.30
296.30
296.40
296.10
296.30
296.10
295.90
295.60
295.60
295.50
295.30
295.50
295.40
295.20
295.00
295.10
294.90
295.00
294.70
294.40
294.30
294.50
294.40
294.50
294.20
294.10
293.90
293.90
293.80
293.40
293.60
293.40
293.20
293.30
293.00
293.00
292.80
292.30
292.40
292.50
292.30
291.80
291.60
291.30
291.20
290.70
290.50
290.30
289.80
289.30
289.10
288.50
288.10
287.90
287.30
287.10
286.30
286.00
285.50
285.10
284.50
284.20
283.60
283.50
283.30
282.70
282.30
282.30
281.70
281.40
281.10
280.50
280.50
280.40
279.90
279.60
279.20
278.60
278.30
278.10
277.80
277.60
277.30
277.10
276.60
276.70
276.40
276.40
276.10
275.40
275.30
275.10
275.00
274.60
274.40
274.40
274.10
273.90
273.30
273.30
273.10
272.80
272.40
272.50
272.40
272.20
272.00
271.40
271.60
271.20
270.70
270.40
270.40
269.90
269.60
269.30
269.10
268.60
268.30
268.30
267.90
267.30
267.40
267.30
267.00
266.80
266.40
266.40
266.50
266.40
265.80
265.30
265.20
264.80
264.30
264.60
264.30
264.30
264.10
263.90
264.00
263.90
264.00
263.80
263.80
264.00
263.90
263.80
263.90
263.80
264.10
264.30
264.20
264.10
264.30
264.40
264.30
264.30
264.50
264.30
264.40
264.60
264.70
264.90
265.10
265.00
265.30
265.50
265.40
265.30
265.40
265.60
265.40
266.00
265.90
266.00
266.10
266.20
266.20
266.20
266.00
265.60
265.50
265.30
265.30
265.20
265.10
265.20
265.10
265.20
265.10
265.20
265.20
265.10
265.10
265.00
265.00
265.00
265.00
265.20
265.10
265.10
265.30
265.30
265.50
265.60
265.30
265.30
265.30
265.50
265.80
265.70
265.90
265.90
265.90
265.90
265.90
266.10
266.30
266.40
266.30
266.30
266.40
266.30
266.50
266.70
266.50
266.50
266.60
266.80
267.20
267.00
267.00
267.10
267.10
267.10
267.20
267.30
267.30
267.30
267.40
267.50
267.60
267.50
267.70
267.60
267.70
267.80
267.90
268.00
268.00
268.30
268.30
268.30
268.40
268.50
268.50
268.40
268.80
268.80
268.60
268.60
268.40
268.90
268.70
268.80
268.80
269.00
269.00
269.00
269.10
269.10
269.20
269.20
269.30
269.30
269.30
269.50
269.40
269.70
269.90
269.90
269.90
269.80
270.00
270.00
270.00
269.90
270.40
270.40
270.40
270.40
270.40
270.30
270.50
270.60
270.60
270.90
271.00
270.70
271.10
271.00
271.10
271.40
271.30
271.40
271.60
271.40
271.50
271.80
271.80
271.80
271.90
272.00
272.00
272.00
272.00
272.20
272.00
272.30
272.30
272.30
272.40
272.50
272.30
272.30
272.30
272.50
272.90
272.80
272.90
272.60
272.80
273.00
272.90
273.20
273.00
273.20
273.30
273.10
273.20
273.30
273.20
273.60
273.40
273.30
273.30
273.50
273.70
273.80
273.90
274.10
274.00
274.00
274.10
274.00
274.10
274.10
274.20
274.50
274.30
274.20
274.40
274.50
274.30
274.50
274.70
274.70
274.70
274.80
275.10
275.00
275.00
275.20
275.20
275.30
275.40
275.30
275.60
275.50
275.70
275.50
275.40
275.50
275.50
275.90
276.00
275.60
275.90
276.10
276.00
276.10
276.10
276.00
276.20
276.40
276.40
276.30
276.30
276.30
276.50
276.50
276.30
276.60
277.10
276.80
277.00
277.00
277.10
277.10
277.50
277.50
277.30
277.50
277.50
277.60
277.70
277.70
278.00
277.90
277.90
278.00
278.20
278.00
278.10
278.30
278.30
278.40
278.30
278.20
278.30
278.70
278.80
278.70
279.10
279.10
279.00
279.10
279.10
279.10
279.10
279.20
279.40
279.50
279.40
279.40
279.40
279.40
279.30
279.60
279.80
279.70
280.00
279.90
280.00
280.10
280.00
280.20
280.20
280.20
280.40
280.20
280.30
280.30
280.40
280.30
280.80
280.70
281.00
280.80
280.80
281.10
281.00
281.00
281.20
281.20
281.50
281.30
281.30
281.20
281.30
281.50
281.60
281.90
281.90
281.90
282.00
281.90
281.90
282.40
282.20
282.30
282.30
282.30
282.40
282.50
282.60
282.60
282.90
282.90
282.70
283.00
283.00
283.10
283.10
283.20
283.20
283.20
283.30
283.40
283.40
283.40
283.50
283.40
283.70
284.00
283.80
284.00
284.10
284.10
284.10
284.40
284.20
284.30
284.40
284.40
284.50
284.40
284.40
284.60
284.70
284.70
284.90
285.00
285.10
285.10
285.10
285.20
285.40
285.20
285.40
285.20
285.30
285.50
285.30
285.60
285.70
285.70
285.90
285.90
286.10
286.00
286.10
286.10
286.30
286.40
286.40
286.30
286.40
286.40
286.50
286.40
286.70
286.60
286.60
287.00
287.00
287.00
287.10
287.20
287.30
287.10
287.30
287.30
287.40
287.60
287.70
287.60
288.00
287.90
287.90
288.10
288.10
288.30
288.30
288.60
288.60
288.50
288.40
288.40
288.60
288.90
288.90
289.10
289.10
289.30
289.20
289.30
289.50
289.50
289.40
289.30
289.30
289.30
289.30
289.40
289.50
289.70
289.90
289.90
289.90
289.90
290.10
289.90
290.00
290.00
290.00
290.20
290.20
290.40
290.30
290.30
290.40
290.40
290.30
290.40
290.30
290.40
290.30
290.30
290.40
290.30
290.10
290.10
290.10
290.40
290.50
290.50
290.30
290.40
290.40
290.80
290.80
290.60
290.30
290.30
290.10
290.30
290.20
290.70
290.70
290.50
290.40
290.30
289.80
289.50
288.70
288.40
287.00
284.20
287.60
292.20
287.00
286.90
287.50
288.00
288.10
288.90
288.90
289.00
288.90
289.00
289.00
289.00
289.00
288.30
288.10
288.00
287.60
287.20
287.00
286.70
286.30
286.20